<?xml version="1.0" encoding="UTF-8"?>
<testng-results skipped="0" failed="0" ignored="0" total="2" passed="2">
  <reporter-output>
  </reporter-output>
  <suite name="Suite" duration-ms="48425" started-at="2018-04-07T07:10:08Z" finished-at="2018-04-07T07:10:57Z">
    <groups>
    </groups>
    <test name="Test" duration-ms="48425" started-at="2018-04-07T07:10:08Z" finished-at="2018-04-07T07:10:57Z">
      <class name="week5.day1.CreateLeadUsingJUtil">
        <test-method status="PASS" signature="login(java.lang.String, java.lang.String, java.lang.String)[pri:0, instance:week5.day1.CreateLeadUsingJUtil@1a5fe33]" name="login" is-config="true" duration-ms="9519" started-at="2018-04-07T12:40:09Z" finished-at="2018-04-07T12:40:18Z">
          <params>
            <param index="0">
              <value>
                <![CDATA[http://leaftaps.com/opentaps/control/main]]>
              </value>
            </param>
            <param index="1">
              <value>
                <![CDATA[DemoSalesManager]]>
              </value>
            </param>
            <param index="2">
              <value>
                <![CDATA[crmsfa]]>
              </value>
            </param>
          </params>
          <reporter-output>
          </reporter-output>
        </test-method> <!-- login -->
        <test-method status="PASS" signature="createlead(java.lang.String, java.lang.String, java.lang.String, java.lang.String, java.lang.String)[pri:0, instance:week5.day1.CreateLeadUsingJUtil@1a5fe33]" name="createlead" duration-ms="13305" started-at="2018-04-07T12:40:18Z" data-provider="fetchdata" finished-at="2018-04-07T12:40:32Z">
          <params>
            <param index="0">
              <value>
                <![CDATA[Test Leaf]]>
              </value>
            </param>
            <param index="1">
              <value>
                <![CDATA[Vignesh]]>
              </value>
            </param>
            <param index="2">
              <value>
                <![CDATA[S]]>
              </value>
            </param>
            <param index="3">
              <value>
                <![CDATA[vicky@gmail.com]]>
              </value>
            </param>
            <param index="4">
              <value>
                <![CDATA[1258965836]]>
              </value>
            </param>
          </params>
          <reporter-output>
          </reporter-output>
        </test-method> <!-- createlead -->
        <test-method status="PASS" signature="close()[pri:0, instance:week5.day1.CreateLeadUsingJUtil@1a5fe33]" name="close" is-config="true" duration-ms="2359" started-at="2018-04-07T12:40:32Z" finished-at="2018-04-07T12:40:34Z">
          <reporter-output>
          </reporter-output>
        </test-method> <!-- close -->
        <test-method status="PASS" signature="login(java.lang.String, java.lang.String, java.lang.String)[pri:0, instance:week5.day1.CreateLeadUsingJUtil@1a5fe33]" name="login" is-config="true" duration-ms="7300" started-at="2018-04-07T12:40:34Z" finished-at="2018-04-07T12:40:41Z">
          <params>
            <param index="0">
              <value>
                <![CDATA[http://leaftaps.com/opentaps/control/main]]>
              </value>
            </param>
            <param index="1">
              <value>
                <![CDATA[DemoSalesManager]]>
              </value>
            </param>
            <param index="2">
              <value>
                <![CDATA[crmsfa]]>
              </value>
            </param>
          </params>
          <reporter-output>
          </reporter-output>
        </test-method> <!-- login -->
        <test-method status="PASS" signature="createlead(java.lang.String, java.lang.String, java.lang.String, java.lang.String, java.lang.String)[pri:0, instance:week5.day1.CreateLeadUsingJUtil@1a5fe33]" name="createlead" duration-ms="13034" started-at="2018-04-07T12:40:41Z" data-provider="fetchdata" finished-at="2018-04-07T12:40:54Z">
          <params>
            <param index="0">
              <value>
                <![CDATA[Test Leaf]]>
              </value>
            </param>
            <param index="1">
              <value>
                <![CDATA[Madhu]]>
              </value>
            </param>
            <param index="2">
              <value>
                <![CDATA[V]]>
              </value>
            </param>
            <param index="3">
              <value>
                <![CDATA[madhu@gmail.com]]>
              </value>
            </param>
            <param index="4">
              <value>
                <![CDATA[258963147]]>
              </value>
            </param>
          </params>
          <reporter-output>
          </reporter-output>
        </test-method> <!-- createlead -->
        <test-method status="PASS" signature="close()[pri:0, instance:week5.day1.CreateLeadUsingJUtil@1a5fe33]" name="close" is-config="true" duration-ms="2367" started-at="2018-04-07T12:40:54Z" finished-at="2018-04-07T12:40:57Z">
          <reporter-output>
          </reporter-output>
        </test-method> <!-- close -->
      </class> <!-- week5.day1.CreateLeadUsingJUtil -->
    </test> <!-- Test -->
  </suite> <!-- Suite -->
</testng-results>
