<?xml version="1.0" encoding="UTF-8"?>
<!-- Generated by org.testng.reporters.JUnitXMLReporter -->
<testsuite hostname="LAPTOP-65U55JIQ" ignored="12" name="Test" tests="13" failures="4" timestamp="14 Apr 2018 06:08:43 GMT" time="648.349" errors="0">
  <testcase name="createLead" time="9.973" classname="testcases.TC003_CreateLead"/>
  <testcase name="createLead" time="10.658" classname="testcases.TC003_CreateLead"/>
  <testcase name="createLead" time="9.829" classname="testcases.TC003_CreateLead"/>
  <testcase name="editLead" time="15.062" classname="testcases.TC004_EditLead"/>
  <testcase name="editLead" time="14.456" classname="testcases.TC004_EditLead"/>
  <testcase name="editLead" time="31.946" classname="testcases.TC004_EditLead"/>
  <testcase name="mergeLead" time="42.84" classname="testcases.TC007_MergeLead">
    <failure type="java.lang.RuntimeException">
      <![CDATA[java.lang.RuntimeException
at utils.Reporter.reportStep(Reporter.java:60)
at utils.Reporter.reportStep(Reporter.java:70)
at wdMethods.SeMethods.getText(SeMethods.java:159)
at wdMethods.SeMethods.verifyExactText(SeMethods.java:221)
at pages.FindLeadPage.typeVerifyText(FindLeadPage.java:148)
at testcases.TC007_MergeLead.mergeLead(TC007_MergeLead.java:39)
... Removed 25 stack frames]]>
    </failure>
  </testcase> <!-- mergeLead -->
  <testcase name="mergeLead" time="58.335" classname="testcases.TC007_MergeLead">
    <failure type="java.lang.RuntimeException">
      <![CDATA[java.lang.RuntimeException
at utils.Reporter.reportStep(Reporter.java:60)
at utils.Reporter.reportStep(Reporter.java:70)
at wdMethods.SeMethods.getText(SeMethods.java:159)
at wdMethods.SeMethods.verifyExactText(SeMethods.java:221)
at pages.FindLeadPage.typeVerifyText(FindLeadPage.java:148)
at testcases.TC007_MergeLead.mergeLead(TC007_MergeLead.java:39)
... Removed 25 stack frames]]>
    </failure>
  </testcase> <!-- mergeLead -->
  <testcase name="mergeLead" time="22.426" classname="testcases.TC007_MergeLead">
    <failure type="java.lang.RuntimeException">
      <![CDATA[java.lang.RuntimeException
at utils.Reporter.reportStep(Reporter.java:60)
at utils.Reporter.reportStep(Reporter.java:70)
at wdMethods.SeMethods.verifyExactText(SeMethods.java:224)
at pages.FindLeadPage.typeVerifyText(FindLeadPage.java:148)
at testcases.TC007_MergeLead.mergeLead(TC007_MergeLead.java:39)
... Removed 25 stack frames]]>
    </failure>
  </testcase> <!-- mergeLead -->
  <testcase name="duplicateLead" time="17.14" classname="testcases.TC006_DuplicateLead"/>
  <testcase name="duplicateLead" time="14.922" classname="testcases.TC006_DuplicateLead"/>
  <testcase name="duplicateLead" time="31.589" classname="testcases.TC006_DuplicateLead"/>
  <testcase name="deleteLead" time="35.422" classname="testcases.TC005_DeleteLead">
    <failure type="java.lang.RuntimeException">
      <![CDATA[java.lang.RuntimeException
at utils.Reporter.reportStep(Reporter.java:60)
at utils.Reporter.reportStep(Reporter.java:70)
at wdMethods.SeMethods.getText(SeMethods.java:159)
at wdMethods.SeMethods.verifyExactText(SeMethods.java:221)
at pages.FindLeadPage.typeVerifyText(FindLeadPage.java:148)
at testcases.TC005_DeleteLead.deleteLead(TC005_DeleteLead.java:34)
... Removed 25 stack frames]]>
    </failure>
  </testcase> <!-- deleteLead -->
  <testcase name="@AfterTest afterTest" time="0.0" classname="wdMethods.ProjectMethods">
    <ignored/>
  </testcase> <!-- @AfterTest afterTest -->
  <testcase name="@AfterTest afterTest" time="0.0" classname="wdMethods.ProjectMethods">
    <ignored/>
  </testcase> <!-- @AfterTest afterTest -->
  <testcase name="@AfterTest afterTest" time="0.0" classname="wdMethods.ProjectMethods">
    <ignored/>
  </testcase> <!-- @AfterTest afterTest -->
  <testcase name="@AfterTest afterTest" time="0.0" classname="wdMethods.ProjectMethods">
    <ignored/>
  </testcase> <!-- @AfterTest afterTest -->
  <testcase name="@BeforeSuite beforeSuite" time="0.0" classname="wdMethods.ProjectMethods">
    <ignored/>
  </testcase> <!-- @BeforeSuite beforeSuite -->
  <testcase name="@BeforeSuite beforeSuite" time="0.0" classname="wdMethods.ProjectMethods">
    <ignored/>
  </testcase> <!-- @BeforeSuite beforeSuite -->
  <testcase name="@BeforeSuite beforeSuite" time="0.0" classname="wdMethods.ProjectMethods">
    <ignored/>
  </testcase> <!-- @BeforeSuite beforeSuite -->
  <testcase name="@BeforeSuite beforeSuite" time="0.0" classname="wdMethods.ProjectMethods">
    <ignored/>
  </testcase> <!-- @BeforeSuite beforeSuite -->
  <testcase name="@AfterSuite afterSuite" time="0.0" classname="wdMethods.ProjectMethods">
    <ignored/>
  </testcase> <!-- @AfterSuite afterSuite -->
  <testcase name="@AfterSuite afterSuite" time="0.0" classname="wdMethods.ProjectMethods">
    <ignored/>
  </testcase> <!-- @AfterSuite afterSuite -->
  <testcase name="@AfterSuite afterSuite" time="0.0" classname="wdMethods.ProjectMethods">
    <ignored/>
  </testcase> <!-- @AfterSuite afterSuite -->
  <testcase name="@AfterSuite afterSuite" time="0.0" classname="wdMethods.ProjectMethods">
    <ignored/>
  </testcase> <!-- @AfterSuite afterSuite -->
</testsuite> <!-- Test -->
