<?xml version="1.0" encoding="UTF-8"?>
<!-- Generated by org.testng.reporters.JUnitXMLReporter -->
<testsuite hostname="LAPTOP-65U55JIQ" ignored="0" name="Test" tests="3" failures="0" timestamp="22 Apr 2018 01:25:18 GMT" time="78.397" errors="0">
  <testcase name="createLead" time="18.52" classname="testcases.TC003_CreateLead"/>
  <testcase name="createLead" time="17.39" classname="testcases.TC003_CreateLead"/>
  <testcase name="createLead" time="16.921" classname="testcases.TC003_CreateLead"/>
</testsuite> <!-- Test -->
