<?xml version="1.0" encoding="UTF-8"?>
<testng-results skipped="0" failed="0" ignored="0" total="1" passed="1">
  <reporter-output>
  </reporter-output>
  <suite name="Default suite" duration-ms="22169" started-at="2018-04-19T13:45:40Z" finished-at="2018-04-19T13:46:02Z">
    <groups>
    </groups>
    <test name="Default test" duration-ms="22169" started-at="2018-04-19T13:45:40Z" finished-at="2018-04-19T13:46:02Z">
      <class name="testcases.TC005_DeleteLead">
        <test-method status="PASS" signature="beforeSuite()[pri:0, instance:testcases.TC005_DeleteLead@11fba17]" name="beforeSuite" is-config="true" duration-ms="849" started-at="2018-04-19T19:15:39Z" finished-at="2018-04-19T19:15:40Z">
          <reporter-output>
          </reporter-output>
        </test-method> <!-- beforeSuite -->
        <test-method status="PASS" signature="setData()[pri:0, instance:testcases.TC005_DeleteLead@11fba17]" name="setData" is-config="true" duration-ms="0" started-at="2018-04-19T19:15:40Z" finished-at="2018-04-19T19:15:40Z">
          <reporter-output>
          </reporter-output>
        </test-method> <!-- setData -->
        <test-method status="PASS" signature="beforeClass()[pri:0, instance:testcases.TC005_DeleteLead@11fba17]" name="beforeClass" is-config="true" duration-ms="1" started-at="2018-04-19T19:15:40Z" finished-at="2018-04-19T19:15:40Z">
          <reporter-output>
          </reporter-output>
        </test-method> <!-- beforeClass -->
        <test-method status="PASS" signature="beforeMethod()[pri:0, instance:testcases.TC005_DeleteLead@11fba17]" name="beforeMethod" is-config="true" duration-ms="5344" started-at="2018-04-19T19:15:40Z" finished-at="2018-04-19T19:15:45Z">
          <reporter-output>
          </reporter-output>
        </test-method> <!-- beforeMethod -->
        <test-method status="PASS" signature="deleteLead(java.lang.String, java.lang.String, java.lang.String, java.lang.String, java.lang.String, java.lang.String)[pri:0, instance:testcases.TC005_DeleteLead@11fba17]" name="deleteLead" duration-ms="15691" started-at="2018-04-19T19:15:45Z" data-provider="fetchData" finished-at="2018-04-19T19:16:01Z">
          <params>
            <param index="0">
              <value>
                <![CDATA[DemoSalesManager]]>
              </value>
            </param>
            <param index="1">
              <value>
                <![CDATA[crmsfa]]>
              </value>
            </param>
            <param index="2">
              <value>
                <![CDATA[Test Leaf]]>
              </value>
            </param>
            <param index="3">
              <value>
                <![CDATA[Trilok]]>
              </value>
            </param>
            <param index="4">
              <value>
                <![CDATA[Vignesh]]>
              </value>
            </param>
            <param index="5">
              <value>
                <![CDATA[No records to display]]>
              </value>
            </param>
          </params>
          <reporter-output>
          </reporter-output>
        </test-method> <!-- deleteLead -->
        <test-method status="PASS" signature="afterMethod()[pri:0, instance:testcases.TC005_DeleteLead@11fba17]" name="afterMethod" is-config="true" duration-ms="632" started-at="2018-04-19T19:16:01Z" finished-at="2018-04-19T19:16:02Z">
          <reporter-output>
          </reporter-output>
        </test-method> <!-- afterMethod -->
        <test-method status="PASS" signature="afterTest()[pri:0, instance:testcases.TC005_DeleteLead@11fba17]" name="afterTest" is-config="true" duration-ms="0" started-at="2018-04-19T19:16:02Z" finished-at="2018-04-19T19:16:02Z">
          <reporter-output>
          </reporter-output>
        </test-method> <!-- afterTest -->
        <test-method status="PASS" signature="afterSuite()[pri:0, instance:testcases.TC005_DeleteLead@11fba17]" name="afterSuite" is-config="true" duration-ms="345" started-at="2018-04-19T19:16:02Z" finished-at="2018-04-19T19:16:02Z">
          <reporter-output>
          </reporter-output>
        </test-method> <!-- afterSuite -->
      </class> <!-- testcases.TC005_DeleteLead -->
    </test> <!-- Default test -->
  </suite> <!-- Default suite -->
</testng-results>
